f:\学习\开放性试验\endproject\moxingdingyi\moxingdingyi\debug\vc141.pdb
f:\学习\开放性试验\endproject\moxingdingyi\moxingdingyi\debug\stdafx.obj
f:\学习\开放性试验\endproject\moxingdingyi\moxingdingyi\debug\stationtimepeopleflow.obj
f:\学习\开放性试验\endproject\moxingdingyi\moxingdingyi\debug\stationpeopletimeform.obj
f:\学习\开放性试验\endproject\moxingdingyi\moxingdingyi\debug\stationlogicform.obj
f:\学习\开放性试验\endproject\moxingdingyi\moxingdingyi\debug\single_project_updownpeopleform.obj
f:\学习\开放性试验\endproject\moxingdingyi\moxingdingyi\debug\singleaxis.obj
f:\学习\开放性试验\endproject\moxingdingyi\moxingdingyi\debug\simulateroadform.obj
f:\学习\开放性试验\endproject\moxingdingyi\moxingdingyi\debug\realroadform.obj
f:\学习\开放性试验\endproject\moxingdingyi\moxingdingyi\debug\projectpropertyform.obj
f:\学习\开放性试验\endproject\moxingdingyi\moxingdingyi\debug\powerdissipationform1.obj
f:\学习\开放性试验\endproject\moxingdingyi\moxingdingyi\debug\powerdissipation.obj
f:\学习\开放性试验\endproject\moxingdingyi\moxingdingyi\debug\peopleflowform.obj
f:\学习\开放性试验\endproject\moxingdingyi\moxingdingyi\debug\peoplechangedform.obj
f:\学习\开放性试验\endproject\moxingdingyi\moxingdingyi\debug\moxing.obj
f:\学习\开放性试验\endproject\moxingdingyi\moxingdingyi\debug\manydaysform.obj
f:\学习\开放性试验\endproject\moxingdingyi\moxingdingyi\debug\liechedingyi.obj
f:\学习\开放性试验\endproject\moxingdingyi\moxingdingyi\debug\guidaoxuanze.obj
f:\学习\开放性试验\endproject\moxingdingyi\moxingdingyi\debug\fanganxuanze.obj
f:\学习\开放性试验\endproject\moxingdingyi\moxingdingyi\debug\buslineinfo.obj
f:\学习\开放性试验\endproject\moxingdingyi\moxingdingyi\debug\beginform.obj
f:\学习\开放性试验\endproject\moxingdingyi\moxingdingyi\debug\xianludingyi.obj
f:\学习\开放性试验\endproject\moxingdingyi\moxingdingyi\debug\turntosingleform.obj
f:\学习\开放性试验\endproject\moxingdingyi\moxingdingyi\debug\timeandpeopleflowform.obj
f:\学习\开放性试验\endproject\moxingdingyi\moxingdingyi\debug\timeandemptyrateform.obj
f:\学习\开放性试验\endproject\moxingdingyi\moxingdingyi\debug\.netframework,version=v4.6.1.assemblyattributes.obj
f:\学习\开放性试验\endproject\moxingdingyi\moxingdingyi\debug\.netframework,version=v4.6.1.assemblyattributes.asm
f:\学习\开放性试验\endproject\moxingdingyi\moxingdingyi\debug\moxingdingyi.projectpropertyform.resources
f:\学习\开放性试验\endproject\moxingdingyi\moxingdingyi\debug\moxingdingyi.realroadform.resources
f:\学习\开放性试验\endproject\moxingdingyi\moxingdingyi\debug\moxingdingyi.simulateroadform.resources
f:\学习\开放性试验\endproject\moxingdingyi\moxingdingyi\debug\moxingdingyi.stationlogicform.resources
f:\学习\开放性试验\endproject\moxingdingyi\moxingdingyi\debug\moxingdingyi.vcxproj.generateresource.cache
f:\学习\开放性试验\endproject\moxingdingyi\moxingdingyi\debug\moxingdingyi.vcxprojassemblyreference.cache
f:\学习\开放性试验\endproject\moxingdingyi\debug\moxingdingyi.pdb
f:\学习\开放性试验\endproject\moxingdingyi\debug\moxingdingyi.exe
f:\学习\开放性试验\endproject\moxingdingyi\moxingdingyi\debug\moxingdingyi.tlog\cl.command.1.tlog
f:\学习\开放性试验\endproject\moxingdingyi\moxingdingyi\debug\moxingdingyi.tlog\cl.read.1.tlog
f:\学习\开放性试验\endproject\moxingdingyi\moxingdingyi\debug\moxingdingyi.tlog\cl.write.1.tlog
f:\学习\开放性试验\endproject\moxingdingyi\moxingdingyi\debug\moxingdingyi.tlog\link.command.1.tlog
f:\学习\开放性试验\endproject\moxingdingyi\moxingdingyi\debug\moxingdingyi.tlog\link.read.1.tlog
f:\学习\开放性试验\endproject\moxingdingyi\moxingdingyi\debug\moxingdingyi.tlog\link.write.1.tlog
f:\学习\开放性试验\endproject\moxingdingyi\moxingdingyi\debug\moxingdingyi.tlog\metagen.read.1.tlog
f:\学习\开放性试验\endproject\moxingdingyi\moxingdingyi\debug\moxingdingyi.tlog\metagen.write.1.tlog
f:\学习\开放性试验\endproject\moxingdingyi\moxingdingyi\debug\moxingdingyi.tlog\moxingdingyi.write.1u.tlog
